Compiled application.js  (28ms)  (pid 6335)
Compiled jquery.js  (1ms)  (pid 6335)
Compiled jquery_ujs.js  (0ms)  (pid 6335)
Compiled active_admin.js  (1ms)  (pid 6335)
Compiled active_admin/base.js  (0ms)  (pid 6335)
Compiled active_admin/vendor.js  (0ms)  (pid 6335)
Compiled application.css  (3ms)  (pid 6335)
Compiled application.js  (2ms)  (pid 6440)
Compiled jquery.js  (1ms)  (pid 6440)
Compiled jquery_ujs.js  (0ms)  (pid 6440)
Compiled active_admin.js  (1ms)  (pid 6440)
Compiled active_admin/base.js  (0ms)  (pid 6440)
Compiled active_admin/vendor.js  (0ms)  (pid 6440)
Compiled application.css  (3ms)  (pid 6440)
Compiled application.js  (2ms)  (pid 6529)
Compiled jquery.js  (1ms)  (pid 6529)
Compiled jquery_ujs.js  (0ms)  (pid 6529)
Compiled active_admin.js  (1ms)  (pid 6529)
Compiled active_admin/base.js  (0ms)  (pid 6529)
Compiled active_admin/vendor.js  (0ms)  (pid 6529)
Compiled application.css  (3ms)  (pid 6529)
Compiled application.js  (2ms)  (pid 6595)
Compiled jquery.js  (1ms)  (pid 6595)
Compiled jquery_ujs.js  (0ms)  (pid 6595)
Compiled active_admin.js  (1ms)  (pid 6595)
Compiled active_admin/base.js  (0ms)  (pid 6595)
Compiled active_admin/vendor.js  (0ms)  (pid 6595)
Compiled application.css  (3ms)  (pid 6595)
Compiled screen.css  (617ms)  (pid 6595)
Compiled print.css  (168ms)  (pid 6595)
Compiled ie.css  (167ms)  (pid 6595)
Compiled active_admin.css  (452ms)  (pid 6595)
Compiled buttons.css  (0ms)  (pid 6595)
Compiled custom.css  (0ms)  (pid 6595)
Compiled ie.css  (0ms)  (pid 6595)
Compiled print.css  (0ms)  (pid 6595)
Compiled screen.css  (0ms)  (pid 6595)
Compiled application.js  (2ms)  (pid 6578)
Compiled jquery.js  (1ms)  (pid 6578)
Compiled jquery_ujs.js  (0ms)  (pid 6578)
Compiled active_admin.js  (1ms)  (pid 6578)
Compiled active_admin/base.js  (0ms)  (pid 6578)
Compiled active_admin/vendor.js  (0ms)  (pid 6578)
Compiled application.css  (2ms)  (pid 6578)
Compiled screen.css  (626ms)  (pid 6578)
Compiled print.css  (167ms)  (pid 6578)
Compiled ie.css  (168ms)  (pid 6578)
Compiled active_admin.css  (562ms)  (pid 6578)
Compiled buttons.css  (0ms)  (pid 6578)
Compiled custom.css  (0ms)  (pid 6578)
Compiled ie.css  (0ms)  (pid 6578)
Compiled print.css  (0ms)  (pid 6578)
Compiled screen.css  (0ms)  (pid 6578)


Started GET "/" for 127.0.0.1 at 2011-10-12 22:15:00 +0200
  Processing by PagesController#start as HTML
Rendered pages/start.html.erb within layouts/application (20.2ms)
Compiled application.css  (2ms)  (pid 7675)
Compiled screen.css  (423ms)  (pid 7675)
Compiled print.css  (172ms)  (pid 7675)
Compiled ie.css  (171ms)  (pid 7675)
Compiled buttons.css  (0ms)  (pid 7675)
Compiled ie.css  (0ms)  (pid 7675)
Compiled print.css  (0ms)  (pid 7675)
Compiled screen.css  (0ms)  (pid 7675)
Compiled application.js  (1ms)  (pid 7675)
Compiled jquery.js  (1ms)  (pid 7675)
Compiled jquery_ujs.js  (0ms)  (pid 7675)
Compiled active_admin.js  (1ms)  (pid 7675)
Compiled active_admin/base.js  (0ms)  (pid 7675)
Compiled active_admin/vendor.js  (0ms)  (pid 7675)
Completed 200 OK in 5743ms (Views: 5742.5ms | ActiveRecord: 0.0ms)


Started GET "/assets/application-52cb1440756777547006b43845fa4655.css" for 127.0.0.1 at 2011-10-12 22:15:06 +0200
Served asset /application-52cb1440756777547006b43845fa4655.css - 200 OK (0ms)


Started GET "/assets/application-b982b2350c899b5e212829ebb74d644c.js" for 127.0.0.1 at 2011-10-12 22:15:06 +0200
Served asset /application-b982b2350c899b5e212829ebb74d644c.js - 200 OK (0ms)


Started GET "/assets/BandB3-298fd5631f5d1878a2ce8d86ac1330b7.jpg" for 127.0.0.1 at 2011-10-12 22:15:06 +0200
Served asset /BandB3-298fd5631f5d1878a2ce8d86ac1330b7.jpg - 200 OK (0ms)


Started GET "/admin" for 127.0.0.1 at 2011-10-12 22:15:11 +0200
  Processing by Admin::DashboardController#index as HTML
Completed   in 1ms


Started GET "/admin/login" for 127.0.0.1 at 2011-10-12 22:15:11 +0200
  Processing by ActiveAdmin::Devise::SessionsController#new as HTML
Rendered /home/mafolz/.rvm/gems/ruby-1.9.2-p290/gems/devise-1.4.7/app/views/devise/shared/_links.erb (1.0ms)
Rendered /home/mafolz/.rvm/gems/ruby-1.9.2-p290/gems/activeadmin-0.3.2/app/views/active_admin/devise/sessions/new.html.erb within layouts/active_admin_logged_out (46.2ms)
Completed 200 OK in 1229ms (Views: 1216.8ms | ActiveRecord: 0.7ms)


Started GET "/assets/active_admin-7bdf716ead18bcaa1aac9bfb07bd90a7.js" for 127.0.0.1 at 2011-10-12 22:15:12 +0200
Served asset /active_admin-7bdf716ead18bcaa1aac9bfb07bd90a7.js - 200 OK (0ms)


Started GET "/assets/active_admin.css" for 127.0.0.1 at 2011-10-12 22:15:12 +0200
Served asset /active_admin.css - 404 Not Found (2ms)

ActionController::RoutingError (No route matches [GET] "/assets/active_admin.css"):
  

Rendered /home/mafolz/.rvm/gems/ruby-1.9.2-p290/gems/actionpack-3.1.1/lib/action_dispatch/middleware/templates/rescues/routing_error.erb within rescues/layout (0.6ms)


Started GET "/admin/login" for 127.0.0.1 at 2011-10-12 22:16:16 +0200

Sass::SyntaxError (File to import not found or unreadable: active_admin/mixins.
Load paths:
  Compass::SpriteImporter
  /home/mafolz/Dokumente/UnderPressure/up-homepage/public/stylesheets/sass
  /home/mafolz/Dokumente/UnderPressure/up-homepage/app/assets/stylesheets
  /home/mafolz/.rvm/gems/ruby-1.9.2-p290/gems/compass-0.11.5/frameworks/blueprint/stylesheets
  /home/mafolz/.rvm/gems/ruby-1.9.2-p290/gems/compass-0.11.5/frameworks/compass/stylesheets):
  app/assets/stylesheets/active_admin.css.scss:2

Rendered /home/mafolz/.rvm/gems/ruby-1.9.2-p290/gems/actionpack-3.1.1/lib/action_dispatch/middleware/templates/rescues/_trace.erb (1.6ms)
Rendered /home/mafolz/.rvm/gems/ruby-1.9.2-p290/gems/actionpack-3.1.1/lib/action_dispatch/middleware/templates/rescues/_request_and_response.erb (11.9ms)
Rendered /home/mafolz/.rvm/gems/ruby-1.9.2-p290/gems/actionpack-3.1.1/lib/action_dispatch/middleware/templates/rescues/diagnostics.erb within rescues/layout (38.4ms)


Started GET "/admin/login" for 127.0.0.1 at 2011-10-12 22:16:17 +0200
  Processing by ActiveAdmin::Devise::SessionsController#new as HTML
Rendered /home/mafolz/.rvm/gems/ruby-1.9.2-p290/gems/devise-1.4.7/app/views/devise/shared/_links.erb (1.0ms)
Rendered /home/mafolz/.rvm/gems/ruby-1.9.2-p290/gems/activeadmin-0.3.2/app/views/active_admin/devise/sessions/new.html.erb within layouts/active_admin_logged_out (44.3ms)
Compiled active_admin.css  (383ms)  (pid 7737)
Completed 200 OK in 979ms (Views: 967.6ms | ActiveRecord: 0.6ms)


Started GET "/admin/login" for 127.0.0.1 at 2011-10-12 22:16:18 +0200
  Processing by ActiveAdmin::Devise::SessionsController#new as HTML
Rendered /home/mafolz/.rvm/gems/ruby-1.9.2-p290/gems/devise-1.4.7/app/views/devise/shared/_links.erb (0.2ms)
Rendered /home/mafolz/.rvm/gems/ruby-1.9.2-p290/gems/activeadmin-0.3.2/app/views/active_admin/devise/sessions/new.html.erb within layouts/active_admin_logged_out (3.4ms)
Completed 200 OK in 5ms (Views: 4.4ms | ActiveRecord: 0.0ms)


Started GET "/assets/active_admin-6efbec2f701c30ca158518714820e2eb.css" for 127.0.0.1 at 2011-10-12 22:16:18 +0200
Served asset /active_admin-6efbec2f701c30ca158518714820e2eb.css - 200 OK (0ms)


Started GET "/assets/active_admin/datepicker/datepicker-nipple-c59c23ce0a0911faf5c44ea0408706b0.png" for 127.0.0.1 at 2011-10-12 22:16:18 +0200
Served asset /active_admin/datepicker/datepicker-nipple-c59c23ce0a0911faf5c44ea0408706b0.png - 200 OK (1ms)


Started GET "/admin/login" for 127.0.0.1 at 2011-10-12 22:16:19 +0200
  Processing by ActiveAdmin::Devise::SessionsController#new as HTML
Rendered /home/mafolz/.rvm/gems/ruby-1.9.2-p290/gems/devise-1.4.7/app/views/devise/shared/_links.erb (0.3ms)
Rendered /home/mafolz/.rvm/gems/ruby-1.9.2-p290/gems/activeadmin-0.3.2/app/views/active_admin/devise/sessions/new.html.erb within layouts/active_admin_logged_out (5.3ms)
Completed 200 OK in 7ms (Views: 6.7ms | ActiveRecord: 0.0ms)


Started GET "/" for 127.0.0.1 at 2011-10-12 22:16:22 +0200
  Processing by PagesController#start as HTML
Rendered pages/start.html.erb within layouts/application (2.2ms)
Compiled application.css  (2ms)  (pid 7737)
Completed 200 OK in 565ms (Views: 564.8ms | ActiveRecord: 0.0ms)


Started GET "/assets/application-415ec864fd0f39da24e2787c9d0eb7d2.css" for 127.0.0.1 at 2011-10-12 22:16:23 +0200
Served asset /application-415ec864fd0f39da24e2787c9d0eb7d2.css - 200 OK (0ms)
Compiled application.js  (2ms)  (pid 7858)
Compiled jquery.js  (1ms)  (pid 7858)
Compiled jquery_ujs.js  (0ms)  (pid 7858)
Compiled active_admin.js  (1ms)  (pid 7858)
Compiled active_admin/base.js  (0ms)  (pid 7858)
Compiled active_admin/vendor.js  (0ms)  (pid 7858)
Compiled application.css  (1ms)  (pid 7858)
Compiled screen.css  (662ms)  (pid 7858)
Compiled print.css  (195ms)  (pid 7858)
Compiled ie.css  (187ms)  (pid 7858)
Compiled application.js  (3ms)  (pid 7842)
Compiled jquery.js  (1ms)  (pid 7842)
Compiled jquery_ujs.js  (0ms)  (pid 7842)
Compiled active_admin.js  (2ms)  (pid 7842)
Compiled active_admin/base.js  (1ms)  (pid 7842)
Compiled active_admin/vendor.js  (0ms)  (pid 7842)
Compiled application.css  (1ms)  (pid 7842)
Compiled screen.css  (620ms)  (pid 7842)
Compiled print.css  (167ms)  (pid 7842)
Compiled ie.css  (166ms)  (pid 7842)
